2023-09-11T10:18:27.289738+00:00 INFO 'ansible_navigator.setup_logger' New ansible-navigator instance, logging initialized
2023-09-11T10:18:27.290093+00:00 INFO 'ansible_navigator.setup_logger' New ansible-runner instance, logging initialized
2023-09-11T10:18:27.290143+00:00 DEBUG 'ansible_navigator.main' ansible-builder==1.1.0 /usr/lib/python3.9/site-packages
2023-09-11T10:18:27.290171+00:00 DEBUG 'ansible_navigator.main' ansible-core==2.13.4 /usr/lib/python3.9/site-packages
2023-09-11T10:18:27.290193+00:00 DEBUG 'ansible_navigator.main' ansible-navigator==2.1.0 /usr/lib/python3.9/site-packages
2023-09-11T10:18:27.290214+00:00 DEBUG 'ansible_navigator.main' ansible-runner==2.2.1 /usr/lib/python3.9/site-packages
2023-09-11T10:18:27.290234+00:00 DEBUG 'ansible_navigator.main' attrs==21.4.0 /usr/lib/python3.9/site-packages
2023-09-11T10:18:27.290254+00:00 DEBUG 'ansible_navigator.main' bindep==2.10.2 /usr/lib/python3.9/site-packages
2023-09-11T10:18:27.290274+00:00 DEBUG 'ansible_navigator.main' cffi==1.14.3 /usr/lib64/python3.9/site-packages
2023-09-11T10:18:27.290293+00:00 DEBUG 'ansible_navigator.main' cryptography==3.3.1 /usr/lib64/python3.9/site-packages
2023-09-11T10:18:27.290313+00:00 DEBUG 'ansible_navigator.main' distro==1.6.0 /usr/lib/python3.9/site-packages
2023-09-11T10:18:27.290333+00:00 DEBUG 'ansible_navigator.main' docutils==0.16 /usr/lib/python3.9/site-packages
2023-09-11T10:18:27.290352+00:00 DEBUG 'ansible_navigator.main' idna==2.10 /usr/lib/python3.9/site-packages
2023-09-11T10:18:27.290371+00:00 DEBUG 'ansible_navigator.main' importlib-metadata==4.10.1 /usr/lib/python3.9/site-packages
2023-09-11T10:18:27.290390+00:00 DEBUG 'ansible_navigator.main' jinja2==3.0.3 /usr/lib/python3.9/site-packages
2023-09-11T10:18:27.290410+00:00 DEBUG 'ansible_navigator.main' jsonschema==4.6.0 /usr/lib/python3.9/site-packages
2023-09-11T10:18:27.290428+00:00 DEBUG 'ansible_navigator.main' lockfile==0.12.2 /usr/lib/python3.9/site-packages
2023-09-11T10:18:27.290447+00:00 DEBUG 'ansible_navigator.main' markupsafe==2.1.0 /usr/lib64/python3.9/site-packages
2023-09-11T10:18:27.290466+00:00 DEBUG 'ansible_navigator.main' onigurumacffi==1.1.0 /usr/lib64/python3.9/site-packages
2023-09-11T10:18:27.290486+00:00 DEBUG 'ansible_navigator.main' packaging==21.3 /usr/lib/python3.9/site-packages
2023-09-11T10:18:27.290516+00:00 DEBUG 'ansible_navigator.main' parsley==1.3 /usr/lib/python3.9/site-packages
2023-09-11T10:18:27.290550+00:00 DEBUG 'ansible_navigator.main' pbr==5.8.1 /usr/lib/python3.9/site-packages
2023-09-11T10:18:27.290570+00:00 DEBUG 'ansible_navigator.main' pexpect==4.8.0 /usr/lib/python3.9/site-packages
2023-09-11T10:18:27.290589+00:00 DEBUG 'ansible_navigator.main' pip==20.2.4 /usr/lib/python3.9/site-packages
2023-09-11T10:18:27.290608+00:00 DEBUG 'ansible_navigator.main' ply==3.11 /usr/lib/python3.9/site-packages
2023-09-11T10:18:27.290627+00:00 DEBUG 'ansible_navigator.main' ptyprocess==0.6.0 /usr/lib/python3.9/site-packages
2023-09-11T10:18:27.290647+00:00 DEBUG 'ansible_navigator.main' pycparser==2.20 /usr/lib/python3.9/site-packages
2023-09-11T10:18:27.290666+00:00 DEBUG 'ansible_navigator.main' pyparsing==2.4.7 /usr/lib/python3.9/site-packages
2023-09-11T10:18:27.290685+00:00 DEBUG 'ansible_navigator.main' pyrsistent==0.18.1 /usr/lib64/python3.9/site-packages
2023-09-11T10:18:27.290703+00:00 DEBUG 'ansible_navigator.main' python-daemon==2.3.0 /usr/lib/python3.9/site-packages
2023-09-11T10:18:27.290722+00:00 DEBUG 'ansible_navigator.main' pyyaml==5.4.1 /usr/lib64/python3.9/site-packages
2023-09-11T10:18:27.290741+00:00 DEBUG 'ansible_navigator.main' requirements-parser==0.2.0 /usr/lib/python3.9/site-packages
2023-09-11T10:18:27.290760+00:00 DEBUG 'ansible_navigator.main' resolvelib==0.5.4 /usr/lib/python3.9/site-packages
2023-09-11T10:18:27.290779+00:00 DEBUG 'ansible_navigator.main' setuptools==50.3.2 /usr/lib/python3.9/site-packages
2023-09-11T10:18:27.290807+00:00 DEBUG 'ansible_navigator.main' six==1.15.0 /usr/lib/python3.9/site-packages
2023-09-11T10:18:27.290838+00:00 DEBUG 'ansible_navigator.main' typing-extensions==3.10.0.2 /usr/lib/python3.9/site-packages
2023-09-11T10:18:27.290881+00:00 DEBUG 'ansible_navigator.main' zipp==3.4.0 /usr/lib/python3.9/site-packages
2023-09-11T10:18:27.290911+00:00 DEBUG 'ansible_navigator.main' Share directory '/usr/lib/python3.9/share/ansible_navigator' not found (development path)
2023-09-11T10:18:27.290931+00:00 DEBUG 'ansible_navigator.main' Share directory '/home/student/.local/share/ansible_navigator' not found (userbase)
2023-09-11T10:18:27.290950+00:00 DEBUG 'ansible_navigator.main' Share directory '/usr/share/ansible_navigator' found (sys.prefix)
2023-09-11T10:18:27.290969+00:00 DEBUG 'ansible_navigator.main' Default collection_doc_cache_path set to: /home/student/.cache/ansible-navigator/collection_doc_cache.db
2023-09-11T10:18:27.290989+00:00 DEBUG 'ansible_navigator.main' EDITOR environment variable not set
2023-09-11T10:18:27.291008+00:00 DEBUG 'ansible_navigator.main' Default editor_command set to: vi +{line_number} {filename}
2023-09-11T10:18:27.291027+00:00 DEBUG 'ansible_navigator.main' No config file set by ANSIBLE_NAVIGATOR_CONFIG
2023-09-11T10:18:27.291046+00:00 DEBUG 'ansible_navigator.main' Looking in /home/student
2023-09-11T10:18:27.291064+00:00 DEBUG 'ansible_navigator.main' Looking for '/home/student/.ansible-navigator.yml', '/home/student/.ansible-navigator.yaml' and '/home/student/.ansible-navigator.json'
2023-09-11T10:18:27.291084+00:00 DEBUG 'ansible_navigator.main' Found 0: 
2023-09-11T10:18:27.291103+00:00 DEBUG 'ansible_navigator.main' Looking in /home/student/EX374/git-repos/master-playbook
2023-09-11T10:18:27.291122+00:00 DEBUG 'ansible_navigator.main' Looking for '/home/student/EX374/git-repos/master-playbook/ansible-navigator.yml', '/home/student/EX374/git-repos/master-playbook/ansible-navigator.yaml' and '/home/student/EX374/git-repos/master-playbook/ansible-navigator.json'
2023-09-11T10:18:27.291142+00:00 DEBUG 'ansible_navigator.main' Found 1: '/home/student/EX374/git-repos/master-playbook/ansible-navigator.yml'
2023-09-11T10:18:27.291161+00:00 DEBUG 'ansible_navigator.main' All found 1: '/home/student/EX374/git-repos/master-playbook/ansible-navigator.yml'
2023-09-11T10:18:27.291179+00:00 DEBUG 'ansible_navigator.main' Using: /home/student/EX374/git-repos/master-playbook/ansible-navigator.yml
2023-09-11T10:18:27.291198+00:00 DEBUG 'ansible_navigator.main' Using settings file at /home/student/EX374/git-repos/master-playbook/ansible-navigator.yml in search path
2023-09-11T10:18:27.291217+00:00 DEBUG 'ansible_navigator.main' Command provided: 'run --pp missing --eei ee-supported-rhel8 -m stdout'
2023-09-11T10:18:27.291236+00:00 DEBUG 'ansible_navigator.main' ansible-navigator.ansible-runner.artifact-dir not found in settings file
2023-09-11T10:18:27.291255+00:00 DEBUG 'ansible_navigator.main' ansible-navigator.ansible-runner.rotate-artifacts-count not found in settings file
2023-09-11T10:18:27.291274+00:00 DEBUG 'ansible_navigator.main' ansible-navigator.ansible-runner.timeout not found in settings file
2023-09-11T10:18:27.291293+00:00 DEBUG 'ansible_navigator.main' ansible-navigator.app not found in settings file
2023-09-11T10:18:27.291312+00:00 DEBUG 'ansible_navigator.main' ansible-navigator.ansible.cmdline not found in settings file
2023-09-11T10:18:27.291331+00:00 DEBUG 'ansible_navigator.main' ansible-navigator.collection-doc-cache-path not found in settings file
2023-09-11T10:18:27.291349+00:00 DEBUG 'ansible_navigator.main' ansible-navigator.execution-environment.container-engine not found in settings file
2023-09-11T10:18:27.291376+00:00 DEBUG 'ansible_navigator.main' ansible-navigator.execution-environment.container-options not found in settings file
2023-09-11T10:18:27.291409+00:00 DEBUG 'ansible_navigator.main' ansible-navigator.color.enable not found in settings file
2023-09-11T10:18:27.291436+00:00 DEBUG 'ansible_navigator.main' ansible-navigator.editor.command not found in settings file
2023-09-11T10:18:27.291456+00:00 DEBUG 'ansible_navigator.main' ansible-navigator.editor.console not found in settings file
2023-09-11T10:18:27.291475+00:00 DEBUG 'ansible_navigator.main' ansible-navigator.exec.command not found in settings file
2023-09-11T10:18:27.291563+00:00 DEBUG 'ansible_navigator.main' ansible-navigator.exec.shell not found in settings file
2023-09-11T10:18:27.291595+00:00 DEBUG 'ansible_navigator.main' ansible-navigator.execution-environment.enabled not found in settings file
2023-09-11T10:18:27.291615+00:00 DEBUG 'ansible_navigator.main' ansible-navigator.execution-environment.volume-mounts not found in settings file
2023-09-11T10:18:27.291634+00:00 DEBUG 'ansible_navigator.main' ansible-navigator.ansible-builder.help not found in settings file
2023-09-11T10:18:27.291653+00:00 DEBUG 'ansible_navigator.main' ansible-navigator.ansible.config.help not found in settings file
2023-09-11T10:18:27.291672+00:00 DEBUG 'ansible_navigator.main' ansible-navigator.ansible.doc.help not found in settings file
2023-09-11T10:18:27.291691+00:00 DEBUG 'ansible_navigator.main' ansible-navigator.ansible.inventory.help not found in settings file
2023-09-11T10:18:27.291710+00:00 DEBUG 'ansible_navigator.main' ansible-navigator.ansible.playbook.help not found in settings file
2023-09-11T10:18:27.291728+00:00 DEBUG 'ansible_navigator.main' ansible-navigator.images.details not found in settings file
2023-09-11T10:18:27.291747+00:00 DEBUG 'ansible_navigator.main' ansible-navigator.ansible.inventory.entries not found in settings file
2023-09-11T10:18:27.291766+00:00 DEBUG 'ansible_navigator.main' ansible-navigator.inventory-columns not found in settings file
2023-09-11T10:18:27.291785+00:00 DEBUG 'ansible_navigator.main' ansible-navigator.ansible-lint.config not found in settings file
2023-09-11T10:18:27.291804+00:00 DEBUG 'ansible_navigator.main' ansible-navigator.ansible-lint.lintables not found in settings file
2023-09-11T10:18:27.291823+00:00 DEBUG 'ansible_navigator.main' ansible-navigator.logging.append not found in settings file
2023-09-11T10:18:27.291842+00:00 DEBUG 'ansible_navigator.main' ansible-navigator.logging.level not found in settings file
2023-09-11T10:18:27.291861+00:00 DEBUG 'ansible_navigator.main' ansible-navigator.mode not found in settings file
2023-09-11T10:18:27.291880+00:00 DEBUG 'ansible_navigator.main' ansible-navigator.color.osc4 not found in settings file
2023-09-11T10:18:27.291903+00:00 DEBUG 'ansible_navigator.main' ansible-navigator.execution-environment.environment-variables.pass not found in settings file
2023-09-11T10:18:27.291934+00:00 DEBUG 'ansible_navigator.main' ansible-navigator.ansible.playbook.path not found in settings file
2023-09-11T10:18:27.291967+00:00 DEBUG 'ansible_navigator.main' ansible-navigator.playbook-artifact.enable not found in settings file
2023-09-11T10:18:27.291988+00:00 DEBUG 'ansible_navigator.main' ansible-navigator.playbook-artifact.replay not found in settings file
2023-09-11T10:18:27.292008+00:00 DEBUG 'ansible_navigator.main' ansible-navigator.playbook-artifact.save-as not found in settings file
2023-09-11T10:18:27.292027+00:00 DEBUG 'ansible_navigator.main' ansible-navigator.ansible.doc.plugin.name not found in settings file
2023-09-11T10:18:27.292046+00:00 DEBUG 'ansible_navigator.main' ansible-navigator.ansible.doc.plugin.type not found in settings file
2023-09-11T10:18:27.292065+00:00 DEBUG 'ansible_navigator.main' ansible-navigator.execution-environment.pull.arguments not found in settings file
2023-09-11T10:18:27.292084+00:00 DEBUG 'ansible_navigator.main' ansible-navigator.execution-environment.environment-variables.set not found in settings file
2023-09-11T10:18:27.292104+00:00 DEBUG 'ansible_navigator.main' ansible-navigator.settings.effective not found in settings file
2023-09-11T10:18:27.292122+00:00 DEBUG 'ansible_navigator.main' ansible-navigator.settings.sample not found in settings file
2023-09-11T10:18:27.292141+00:00 DEBUG 'ansible_navigator.main' ansible-navigator.settings.schema not found in settings file
2023-09-11T10:18:27.292160+00:00 DEBUG 'ansible_navigator.main' ansible-navigator.settings.sources not found in settings file
2023-09-11T10:18:27.292179+00:00 DEBUG 'ansible_navigator.main' ansible-navigator.time-zone not found in settings file
2023-09-11T10:18:27.292210+00:00 DEBUG 'ansible_navigator.main' ansible-navigator.ansible-builder.workdir not found in settings file
2023-09-11T10:18:27.292230+00:00 DEBUG 'ansible_navigator.main' EE support enabled: using current working directory for 'ansible.cfg'
2023-09-11T10:18:27.292249+00:00 INFO 'ansible_navigator.main' EE support enabled: found 'ansible.cfg' in current working directory.
2023-09-11T10:18:27.292268+00:00 DEBUG 'ansible_navigator.main' Completed post processing for ansible_runner_artifact_dir. (changed=False)
2023-09-11T10:18:27.292287+00:00 DEBUG 'ansible_navigator.main' Completed post processing for ansible_runner_rotate_artifacts_count. (changed=False)
2023-09-11T10:18:27.292306+00:00 DEBUG 'ansible_navigator.main' Completed post processing for ansible_runner_timeout. (changed=False)
2023-09-11T10:18:27.292325+00:00 DEBUG 'ansible_navigator.main' Completed post processing for cmdline. (changed=False)
2023-09-11T10:18:27.292344+00:00 DEBUG 'ansible_navigator.main' Completed post processing for collection_doc_cache_path. (changed=False)
2023-09-11T10:18:27.292365+00:00 DEBUG 'ansible_navigator.main' Completed post processing for container_engine. (changed=True)
2023-09-11T10:18:27.292397+00:00 DEBUG 'ansible_navigator.main'  before: 'auto'
2023-09-11T10:18:27.292427+00:00 DEBUG 'ansible_navigator.main'  after: 'podman'
2023-09-11T10:18:27.292447+00:00 DEBUG 'ansible_navigator.main' Completed post processing for container_options. (changed=False)
2023-09-11T10:18:27.292466+00:00 DEBUG 'ansible_navigator.main' Completed post processing for display_color. (changed=False)
2023-09-11T10:18:27.292485+00:00 DEBUG 'ansible_navigator.main' Completed post processing for execution_environment. (changed=False)
2023-09-11T10:18:27.292514+00:00 DEBUG 'ansible_navigator.main' Completed post processing for execution_environment_image. (changed=True)
2023-09-11T10:18:27.292552+00:00 DEBUG 'ansible_navigator.main'  before: 'ee-supported-rhel8'
2023-09-11T10:18:27.292572+00:00 DEBUG 'ansible_navigator.main'  after: 'ee-supported-rhel8:latest'
2023-09-11T10:18:27.292592+00:00 DEBUG 'ansible_navigator.main' Completed post processing for help_builder. (changed=False)
2023-09-11T10:18:27.292610+00:00 DEBUG 'ansible_navigator.main' Completed post processing for help_config. (changed=False)
2023-09-11T10:18:27.292629+00:00 DEBUG 'ansible_navigator.main' Completed post processing for help_doc. (changed=False)
2023-09-11T10:18:27.292648+00:00 DEBUG 'ansible_navigator.main' Completed post processing for help_inventory. (changed=False)
2023-09-11T10:18:27.292666+00:00 DEBUG 'ansible_navigator.main' Completed post processing for help_playbook. (changed=False)
2023-09-11T10:18:27.292685+00:00 DEBUG 'ansible_navigator.main' Completed post processing for images_details. (changed=False)
2023-09-11T10:18:27.292703+00:00 DEBUG 'ansible_navigator.main' Completed post processing for inventory. (changed=False)
2023-09-11T10:18:27.292722+00:00 DEBUG 'ansible_navigator.main' Completed post processing for inventory_column. (changed=False)
2023-09-11T10:18:27.292740+00:00 DEBUG 'ansible_navigator.main' Completed post processing for log_file. (changed=False)
2023-09-11T10:18:27.292758+00:00 DEBUG 'ansible_navigator.main' Completed post processing for pass_environment_variable. (changed=False)
2023-09-11T10:18:27.292777+00:00 DEBUG 'ansible_navigator.main' Completed post processing for playbook. (changed=False)
2023-09-11T10:18:27.292796+00:00 DEBUG 'ansible_navigator.main' Completed post processing for playbook_artifact_replay. (changed=False)
2023-09-11T10:18:27.292815+00:00 DEBUG 'ansible_navigator.main' Completed post processing for playbook_artifact_save_as. (changed=False)
2023-09-11T10:18:27.292834+00:00 DEBUG 'ansible_navigator.main' Completed post processing for plugin_name. (changed=False)
2023-09-11T10:18:27.292852+00:00 DEBUG 'ansible_navigator.main' Completed post processing for pull_arguments. (changed=False)
2023-09-11T10:18:27.292871+00:00 DEBUG 'ansible_navigator.main' Completed post processing for set_environment_variable. (changed=False)
2023-09-11T10:18:27.292900+00:00 DEBUG 'ansible_navigator.main' Completed post processing for settings_effective. (changed=False)
2023-09-11T10:18:27.292920+00:00 DEBUG 'ansible_navigator.main' Completed post processing for settings_sample. (changed=False)
2023-09-11T10:18:27.292938+00:00 DEBUG 'ansible_navigator.main' Completed post processing for settings_schema. (changed=False)
2023-09-11T10:18:27.292957+00:00 DEBUG 'ansible_navigator.main' Completed post processing for settings_sources. (changed=False)
2023-09-11T10:18:27.292976+00:00 DEBUG 'ansible_navigator.main' Completed post processing for time_zone. (changed=False)
2023-09-11T10:18:27.292994+00:00 DEBUG 'ansible_navigator.main' Completed post processing for execution_environment_volume_mounts. (changed=False)
2023-09-11T10:18:27.293013+00:00 DEBUG 'ansible_navigator.main' Completed post processing for mode. (changed=False)
2023-09-11T10:18:27.293037+00:00 WARNING 'ansible_navigator.main' Configuration errors encountered, rolling back to previous configuration.
2023-09-11T10:18:27.293057+00:00 DEBUG 'ansible_navigator.main' Prior to rollback: ansible_runner_artifact_dir = 'Not set' (Constants/Not set)
2023-09-11T10:18:27.293077+00:00 DEBUG 'ansible_navigator.main' Prior to rollback: ansible_runner_rotate_artifacts_count = 'Not set' (Constants/Not set)
2023-09-11T10:18:27.293095+00:00 DEBUG 'ansible_navigator.main' Prior to rollback: ansible_runner_timeout = 'Not set' (Constants/Not set)
2023-09-11T10:18:27.293114+00:00 DEBUG 'ansible_navigator.main' Prior to rollback: app = 'run' (str/Command line)
2023-09-11T10:18:27.293133+00:00 DEBUG 'ansible_navigator.main' Prior to rollback: cmdline = 'Not set' (Constants/Not set)
2023-09-11T10:18:27.293151+00:00 DEBUG 'ansible_navigator.main' Prior to rollback: collection_doc_cache_path = '/home/student/.cache/ansible-navigator/collection_doc_cache.db' (str/Defaults)
2023-09-11T10:18:27.293171+00:00 DEBUG 'ansible_navigator.main' Prior to rollback: config = './ansible.cfg' (str/Settings file)
2023-09-11T10:18:27.293189+00:00 DEBUG 'ansible_navigator.main' Prior to rollback: container_engine = 'podman' (str/Automatically determined)
2023-09-11T10:18:27.293208+00:00 DEBUG 'ansible_navigator.main' Prior to rollback: container_options = 'Not set' (Constants/Not set)
2023-09-11T10:18:27.293227+00:00 DEBUG 'ansible_navigator.main' Prior to rollback: display_color = 'True' (bool/Defaults)
2023-09-11T10:18:27.293246+00:00 DEBUG 'ansible_navigator.main' Prior to rollback: editor_command = 'vi +{line_number} {filename}' (str/Defaults)
2023-09-11T10:18:27.293265+00:00 DEBUG 'ansible_navigator.main' Prior to rollback: editor_console = 'True' (bool/Defaults)
2023-09-11T10:18:27.293283+00:00 DEBUG 'ansible_navigator.main' Prior to rollback: exec_command = '/bin/bash' (str/Defaults)
2023-09-11T10:18:27.293302+00:00 DEBUG 'ansible_navigator.main' Prior to rollback: exec_shell = 'True' (bool/Defaults)
2023-09-11T10:18:27.293321+00:00 DEBUG 'ansible_navigator.main' Prior to rollback: execution_environment = 'True' (bool/Defaults)
2023-09-11T10:18:27.293340+00:00 DEBUG 'ansible_navigator.main' Prior to rollback: execution_environment_image = 'ee-supported-rhel8:latest' (str/Command line)
2023-09-11T10:18:27.293359+00:00 DEBUG 'ansible_navigator.main' Prior to rollback: execution_environment_volume_mounts = 'Not set' (Constants/Not set)
2023-09-11T10:18:27.293378+00:00 DEBUG 'ansible_navigator.main' Prior to rollback: help_builder = 'False' (bool/Defaults)
2023-09-11T10:18:27.293397+00:00 DEBUG 'ansible_navigator.main' Prior to rollback: help_config = 'False' (bool/Defaults)
2023-09-11T10:18:27.293417+00:00 DEBUG 'ansible_navigator.main' Prior to rollback: help_doc = 'False' (bool/Defaults)
2023-09-11T10:18:27.293435+00:00 DEBUG 'ansible_navigator.main' Prior to rollback: help_inventory = 'False' (bool/Defaults)
2023-09-11T10:18:27.293454+00:00 DEBUG 'ansible_navigator.main' Prior to rollback: help_playbook = 'False' (bool/Defaults)
2023-09-11T10:18:27.293473+00:00 DEBUG 'ansible_navigator.main' Prior to rollback: images_details = '['everything']' (list/Defaults)
2023-09-11T10:18:27.293497+00:00 DEBUG 'ansible_navigator.main' Prior to rollback: inventory = 'Not set' (Constants/Not set)
2023-09-11T10:18:27.293546+00:00 DEBUG 'ansible_navigator.main' Prior to rollback: inventory_column = 'Not set' (Constants/Not set)
2023-09-11T10:18:27.293567+00:00 DEBUG 'ansible_navigator.main' Prior to rollback: lint_config = 'Not set' (Constants/Not set)
2023-09-11T10:18:27.293586+00:00 DEBUG 'ansible_navigator.main' Prior to rollback: lintables = 'Not set' (Constants/Not set)
2023-09-11T10:18:27.293605+00:00 DEBUG 'ansible_navigator.main' Prior to rollback: log_append = 'True' (bool/Defaults)
2023-09-11T10:18:27.293624+00:00 DEBUG 'ansible_navigator.main' Prior to rollback: log_file = '/dev/null' (str/Settings file)
2023-09-11T10:18:27.293642+00:00 DEBUG 'ansible_navigator.main' Prior to rollback: log_level = 'warning' (str/Defaults)
2023-09-11T10:18:27.293662+00:00 DEBUG 'ansible_navigator.main' Prior to rollback: mode = 'stdout' (str/Command line)
2023-09-11T10:18:27.293680+00:00 DEBUG 'ansible_navigator.main' Prior to rollback: osc4 = 'True' (bool/Defaults)
2023-09-11T10:18:27.293699+00:00 DEBUG 'ansible_navigator.main' Prior to rollback: pass_environment_variable = 'Not set' (Constants/Not set)
2023-09-11T10:18:27.293718+00:00 DEBUG 'ansible_navigator.main' Prior to rollback: playbook = 'Not set' (Constants/Not set)
2023-09-11T10:18:27.293736+00:00 DEBUG 'ansible_navigator.main' Prior to rollback: playbook_artifact_enable = 'True' (bool/Defaults)
2023-09-11T10:18:27.293755+00:00 DEBUG 'ansible_navigator.main' Prior to rollback: playbook_artifact_replay = 'Not set' (Constants/Not set)
2023-09-11T10:18:27.293774+00:00 DEBUG 'ansible_navigator.main' Prior to rollback: playbook_artifact_save_as = '{playbook_dir}/{playbook_name}-artifact-{time_stamp}.json' (str/Defaults)
2023-09-11T10:18:27.293793+00:00 DEBUG 'ansible_navigator.main' Prior to rollback: plugin_name = 'Not set' (Constants/Not set)
2023-09-11T10:18:27.293812+00:00 DEBUG 'ansible_navigator.main' Prior to rollback: plugin_type = 'module' (str/Defaults)
2023-09-11T10:18:27.293831+00:00 DEBUG 'ansible_navigator.main' Prior to rollback: pull_arguments = 'Not set' (Constants/Not set)
2023-09-11T10:18:27.293849+00:00 DEBUG 'ansible_navigator.main' Prior to rollback: pull_policy = 'missing' (str/Command line)
2023-09-11T10:18:27.293868+00:00 DEBUG 'ansible_navigator.main' Prior to rollback: set_environment_variable = 'Not set' (Constants/Not set)
2023-09-11T10:18:27.293886+00:00 DEBUG 'ansible_navigator.main' Prior to rollback: settings_effective = 'False' (bool/Defaults)
2023-09-11T10:18:27.293905+00:00 DEBUG 'ansible_navigator.main' Prior to rollback: settings_sample = 'False' (bool/Defaults)
2023-09-11T10:18:27.293924+00:00 DEBUG 'ansible_navigator.main' Prior to rollback: settings_schema = 'json' (str/Defaults)
2023-09-11T10:18:27.293942+00:00 DEBUG 'ansible_navigator.main' Prior to rollback: settings_sources = 'False' (bool/Defaults)
2023-09-11T10:18:27.293961+00:00 DEBUG 'ansible_navigator.main' Prior to rollback: time_zone = 'UTC' (str/Defaults)
2023-09-11T10:18:27.293979+00:00 DEBUG 'ansible_navigator.main' Prior to rollback: workdir = '/home/student/EX374/git-repos/master-playbook' (str/Defaults)
2023-09-11T10:18:27.293998+00:00 DEBUG 'ansible_navigator.main' After rollback: ansible_runner_artifact_dir = 'Not set' (Constants/Not set)
2023-09-11T10:18:27.294017+00:00 DEBUG 'ansible_navigator.main' After rollback: ansible_runner_rotate_artifacts_count = 'Not set' (Constants/Not set)
2023-09-11T10:18:27.294036+00:00 DEBUG 'ansible_navigator.main' After rollback: ansible_runner_timeout = 'Not set' (Constants/Not set)
2023-09-11T10:18:27.294055+00:00 DEBUG 'ansible_navigator.main' After rollback: app = 'Not set' (Constants/Not set)
2023-09-11T10:18:27.294073+00:00 DEBUG 'ansible_navigator.main' After rollback: cmdline = 'Not set' (Constants/Not set)
2023-09-11T10:18:27.294092+00:00 DEBUG 'ansible_navigator.main' After rollback: collection_doc_cache_path = 'Not set' (Constants/Not set)
2023-09-11T10:18:27.294121+00:00 DEBUG 'ansible_navigator.main' After rollback: config = 'Not set' (Constants/Not set)
2023-09-11T10:18:27.294141+00:00 DEBUG 'ansible_navigator.main' After rollback: container_engine = 'Not set' (Constants/Not set)
2023-09-11T10:18:27.294160+00:00 DEBUG 'ansible_navigator.main' After rollback: container_options = 'Not set' (Constants/Not set)
2023-09-11T10:18:27.294178+00:00 DEBUG 'ansible_navigator.main' After rollback: display_color = 'Not set' (Constants/Not set)
2023-09-11T10:18:27.294197+00:00 DEBUG 'ansible_navigator.main' After rollback: editor_command = 'Not set' (Constants/Not set)
2023-09-11T10:18:27.294216+00:00 DEBUG 'ansible_navigator.main' After rollback: editor_console = 'Not set' (Constants/Not set)
2023-09-11T10:18:27.294235+00:00 DEBUG 'ansible_navigator.main' After rollback: exec_command = 'Not set' (Constants/Not set)
2023-09-11T10:18:27.294254+00:00 DEBUG 'ansible_navigator.main' After rollback: exec_shell = 'Not set' (Constants/Not set)
2023-09-11T10:18:27.294272+00:00 DEBUG 'ansible_navigator.main' After rollback: execution_environment = 'Not set' (Constants/Not set)
2023-09-11T10:18:27.294291+00:00 DEBUG 'ansible_navigator.main' After rollback: execution_environment_image = 'Not set' (Constants/Not set)
2023-09-11T10:18:27.294310+00:00 DEBUG 'ansible_navigator.main' After rollback: execution_environment_volume_mounts = 'Not set' (Constants/Not set)
2023-09-11T10:18:27.294329+00:00 DEBUG 'ansible_navigator.main' After rollback: help_builder = 'Not set' (Constants/Not set)
2023-09-11T10:18:27.294348+00:00 DEBUG 'ansible_navigator.main' After rollback: help_config = 'Not set' (Constants/Not set)
2023-09-11T10:18:27.294367+00:00 DEBUG 'ansible_navigator.main' After rollback: help_doc = 'Not set' (Constants/Not set)
2023-09-11T10:18:27.294386+00:00 DEBUG 'ansible_navigator.main' After rollback: help_inventory = 'Not set' (Constants/Not set)
2023-09-11T10:18:27.294405+00:00 DEBUG 'ansible_navigator.main' After rollback: help_playbook = 'Not set' (Constants/Not set)
2023-09-11T10:18:27.294424+00:00 DEBUG 'ansible_navigator.main' After rollback: images_details = 'Not set' (Constants/Not set)
2023-09-11T10:18:27.294442+00:00 DEBUG 'ansible_navigator.main' After rollback: inventory = 'Not set' (Constants/Not set)
2023-09-11T10:18:27.294461+00:00 DEBUG 'ansible_navigator.main' After rollback: inventory_column = 'Not set' (Constants/Not set)
2023-09-11T10:18:27.294480+00:00 DEBUG 'ansible_navigator.main' After rollback: lint_config = 'Not set' (Constants/Not set)
2023-09-11T10:18:27.294498+00:00 DEBUG 'ansible_navigator.main' After rollback: lintables = 'Not set' (Constants/Not set)
2023-09-11T10:18:27.294534+00:00 DEBUG 'ansible_navigator.main' After rollback: log_append = 'Not set' (Constants/Not set)
2023-09-11T10:18:27.294556+00:00 DEBUG 'ansible_navigator.main' After rollback: log_file = 'Not set' (Constants/Not set)
2023-09-11T10:18:27.294575+00:00 DEBUG 'ansible_navigator.main' After rollback: log_level = 'Not set' (Constants/Not set)
2023-09-11T10:18:27.294594+00:00 DEBUG 'ansible_navigator.main' After rollback: mode = 'Not set' (Constants/Not set)
2023-09-11T10:18:27.294613+00:00 DEBUG 'ansible_navigator.main' After rollback: osc4 = 'Not set' (Constants/Not set)
2023-09-11T10:18:27.294632+00:00 DEBUG 'ansible_navigator.main' After rollback: pass_environment_variable = 'Not set' (Constants/Not set)
2023-09-11T10:18:27.294651+00:00 DEBUG 'ansible_navigator.main' After rollback: playbook = 'Not set' (Constants/Not set)
2023-09-11T10:18:27.294670+00:00 DEBUG 'ansible_navigator.main' After rollback: playbook_artifact_enable = 'Not set' (Constants/Not set)
2023-09-11T10:18:27.294689+00:00 DEBUG 'ansible_navigator.main' After rollback: playbook_artifact_replay = 'Not set' (Constants/Not set)
2023-09-11T10:18:27.294708+00:00 DEBUG 'ansible_navigator.main' After rollback: playbook_artifact_save_as = 'Not set' (Constants/Not set)
2023-09-11T10:18:27.294727+00:00 DEBUG 'ansible_navigator.main' After rollback: plugin_name = 'Not set' (Constants/Not set)
2023-09-11T10:18:27.294753+00:00 DEBUG 'ansible_navigator.main' After rollback: plugin_type = 'Not set' (Constants/Not set)
2023-09-11T10:18:27.294773+00:00 DEBUG 'ansible_navigator.main' After rollback: pull_arguments = 'Not set' (Constants/Not set)
2023-09-11T10:18:27.294792+00:00 DEBUG 'ansible_navigator.main' After rollback: pull_policy = 'Not set' (Constants/Not set)
2023-09-11T10:18:27.294810+00:00 DEBUG 'ansible_navigator.main' After rollback: set_environment_variable = 'Not set' (Constants/Not set)
2023-09-11T10:18:27.294829+00:00 DEBUG 'ansible_navigator.main' After rollback: settings_effective = 'Not set' (Constants/Not set)
2023-09-11T10:18:27.294848+00:00 DEBUG 'ansible_navigator.main' After rollback: settings_sample = 'Not set' (Constants/Not set)
2023-09-11T10:18:27.294867+00:00 DEBUG 'ansible_navigator.main' After rollback: settings_schema = 'Not set' (Constants/Not set)
2023-09-11T10:18:27.294885+00:00 DEBUG 'ansible_navigator.main' After rollback: settings_sources = 'Not set' (Constants/Not set)
2023-09-11T10:18:27.294904+00:00 DEBUG 'ansible_navigator.main' After rollback: time_zone = 'Not set' (Constants/Not set)
2023-09-11T10:18:27.294923+00:00 DEBUG 'ansible_navigator.main' After rollback: workdir = 'Not set' (Constants/Not set)
2023-09-11T10:18:27.294942+00:00 DEBUG 'ansible_navigator.main' Configuration rollback complete.
2023-09-11T10:18:27.294961+00:00 DEBUG 'ansible_navigator.main' Collection doc cache not mounted
2023-09-11T10:18:27.294996+00:00 WARNING 'ansible_navigator.main' Issues were found while applying the settings.
2023-09-11T10:18:27.295019+00:00 INFO 'ansible_navigator.main' Command provided: 'run --pp missing --eei ee-supported-rhel8 -m stdout'
2023-09-11T10:18:27.295044+00:00 ERROR 'ansible_navigator.main' A playbook is required when using the run subcommand
2023-09-11T10:18:27.295066+00:00 INFO 'ansible_navigator.main' Try again with 'run <playbook name>'
2023-09-11T10:18:27.295088+00:00 INFO 'ansible_navigator.main' Configuration failed, using default log file location. (/home/student/EX374/git-repos/master-playbook/ansible-navigator.log) Log level set to debug
2023-09-11T10:18:27.295111+00:00 INFO 'ansible_navigator.main' Review the hints and log file to see what went wrong.
